2009.07.09 21:12 B C:\Documents and Settings\Bruno\Mijn documenten\helppetra\Catechese\Website\Vocawo\images\_notes\123_r1_c3.jpg.mno <-- WebCatechese /pubwww/images/_notes 123_r1_c3.jpg.mno
2009.07.09 21:12 B C:\Documents and Settings\Bruno\Mijn documenten\helppetra\Catechese\Website\Vocawo\images\_notes\123_r1_c3_f2.jpg.mno <-- WebCatechese /pubwww/images/_notes 123_r1_c3_f2.jpg.mno
2009.07.09 21:12 B C:\Documents and Settings\Bruno\Mijn documenten\helppetra\Catechese\Website\Vocawo\images\_notes\btn_bavodag.gif.mno <-- WebCatechese /pubwww/images/_notes btn_bavodag.gif.mno
2009.07.09 21:12 B C:\Documents and Settings\Bruno\Mijn documenten\helppetra\Catechese\Website\Vocawo\images\_notes\btn_bavodag_f2.gif.mno <-- WebCatechese /pubwww/images/_notes btn_bavodag_f2.gif.mno
2009.07.09 21:12 B C:\Documents and Settings\Bruno\Mijn documenten\helppetra\Catechese\Website\Vocawo\images\_notes\btn_bezinning.gif.mno <-- WebCatechese /pubwww/images/_notes btn_bezinning.gif.mno
2009.07.09 21:12 B C:\Documents and Settings\Bruno\Mijn documenten\helppetra\Catechese\Website\Vocawo\images\_notes\btn_bezinning_f2.gif.mno <-- WebCatechese /pubwww/images/_notes btn_bezinning_f2.gif.mno
2009.07.09 21:12 B C:\Documents and Settings\Bruno\Mijn documenten\helppetra\Catechese\Website\Vocawo\images\_notes\btn_bijeenkomsten.gif.mno <-- WebCatechese /pubwww/images/_notes btn_bijeenkomsten.gif.mno
2009.07.09 21:12 B C:\Documents and Settings\Bruno\Mijn documenten\helppetra\Catechese\Website\Vocawo\images\_notes\btn_bijeenkomsten_f2.gif.mno <-- WebCatechese /pubwww/images/_notes btn_bijeenkomsten_f2.gif.mno
2009.07.09 21:12 B C:\Documents and Settings\Bruno\Mijn documenten\helppetra\Catechese\Website\Vocawo\images\_notes\btn_catechisten.gif.mno <-- WebCatechese /pubwww/images/_notes btn_catechisten.gif.mno
2009.07.09 21:12 B C:\Documents and Settings\Bruno\Mijn documenten\helppetra\Catechese\Website\Vocawo\images\_notes\btn_catechisten_f2.gif.mno <-- WebCatechese /pubwww/images/_notes btn_catechisten_f2.gif.mno
2009.07.09 21:12 B C:\Documents and Settings\Bruno\Mijn documenten\helppetra\Catechese\Website\Vocawo\images\_notes\btn_contact.gif.mno <-- WebCatechese /pubwww/images/_notes btn_contact.gif.mno
2009.07.09 21:12 B C:\Documents and Settings\Bruno\Mijn documenten\helppetra\Catechese\Website\Vocawo\images\_notes\btn_contact_f2.gif.mno <-- WebCatechese /pubwww/images/_notes btn_contact_f2.gif.mno
2009.07.09 21:12 B C:\Documents and Settings\Bruno\Mijn documenten\helppetra\Catechese\Website\Vocawo\images\_notes\btn_engagement.gif.mno <-- WebCatechese /pubwww/images/_notes btn_engagement.gif.mno
2009.07.09 21:12 B C:\Documents and Settings\Bruno\Mijn documenten\helppetra\Catechese\Website\Vocawo\images\_notes\btn_engagement_f2.gif.mno <-- WebCatechese /pubwww/images/_notes btn_engagement_f2.gif.mno
2009.07.09 21:12 B C:\Documents and Settings\Bruno\Mijn documenten\helppetra\Catechese\Website\Vocawo\images\_notes\btn_geloofsdoos.gif.mno <-- WebCatechese /pubwww/images/_notes btn_geloofsdoos.gif.mno
2009.07.09 21:12 B C:\Documents and Settings\Bruno\Mijn documenten\helppetra\Catechese\Website\Vocawo\images\_notes\btn_geloofsdoos_f2.gif.mno <-- WebCatechese /pubwww/images/_notes btn_geloofsdoos_f2.gif.mno
2009.07.09 21:12 B C:\Documents and Settings\Bruno\Mijn documenten\helppetra\Catechese\Website\Vocawo\images\_notes\btn_kalender.gif.mno <-- WebCatechese /pubwww/images/_notes btn_kalender.gif.mno
2009.07.09 21:12 B C:\Documents and Settings\Bruno\Mijn documenten\helppetra\Catechese\Website\Vocawo\images\_notes\btn_kalender_f2.gif.mno <-- WebCatechese /pubwww/images/_notes btn_kalender_f2.gif.mno
2009.07.09 21:12 B C:\Documents and Settings\Bruno\Mijn documenten\helppetra\Catechese\Website\Vocawo\images\_notes\btn_liedjes.gif.mno <-- WebCatechese /pubwww/images/_notes btn_liedjes.gif.mno
2009.07.09 21:12 B C:\Documents and Settings\Bruno\Mijn documenten\helppetra\Catechese\Website\Vocawo\images\_notes\btn_liedjes_f2.gif.mno <-- WebCatechese /pubwww/images/_notes btn_liedjes_f2.gif.mno
2009.07.09 21:12 B C:\Documents and Settings\Bruno\Mijn documenten\helppetra\Catechese\Website\Vocawo\images\_notes\btn_links.gif.mno <-- WebCatechese /pubwww/images/_notes btn_links.gif.mno
2009.07.09 21:12 B C:\Documents and Settings\Bruno\Mijn documenten\helppetra\Catechese\Website\Vocawo\images\_notes\btn_links_f2.gif.mno <-- WebCatechese /pubwww/images/_notes btn_links_f2.gif.mno
2009.07.09 21:12 B C:\Documents and Settings\Bruno\Mijn documenten\helppetra\Catechese\Website\Vocawo\images\_notes\btn_logo.gif.mno <-- WebCatechese /pubwww/images/_notes btn_logo.gif.mno
2009.07.09 21:12 B C:\Documents and Settings\Bruno\Mijn documenten\helppetra\Catechese\Website\Vocawo\images\_notes\btn_logo_f2.gif.mno <-- WebCatechese /pubwww/images/_notes btn_logo_f2.gif.mno
2009.07.09 21:13 B C:\Documents and Settings\Bruno\Mijn documenten\helppetra\Catechese\Website\Vocawo\images\_notes\btn_meter.gif.mno <-- WebCatechese /pubwww/images/_notes btn_meter.gif.mno
2009.07.09 21:13 B C:\Documents and Settings\Bruno\Mijn documenten\helppetra\Catechese\Website\Vocawo\images\_notes\btn_meter_f2.gif.mno <-- WebCatechese /pubwww/images/_notes btn_meter_f2.gif.mno
2009.07.09 21:13 B C:\Documents and Settings\Bruno\Mijn documenten\helppetra\Catechese\Website\Vocawo\images\_notes\btn_ouders.gif.mno <-- WebCatechese /pubwww/images/_notes btn_ouders.gif.mno
2009.07.09 21:13 B C:\Documents and Settings\Bruno\Mijn documenten\helppetra\Catechese\Website\Vocawo\images\_notes\btn_ouders_f2.gif.mno <-- WebCatechese /pubwww/images/_notes btn_ouders_f2.gif.mno
2009.07.09 21:13 B C:\Documents and Settings\Bruno\Mijn documenten\helppetra\Catechese\Website\Vocawo\images\_notes\btn_schattenjacht.gif.mno <-- WebCatechese /pubwww/images/_notes btn_schattenjacht.gif.mno
2009.07.09 21:13 B C:\Documents and Settings\Bruno\Mijn documenten\helppetra\Catechese\Website\Vocawo\images\_notes\btn_schattenjacht_f2.gif.mno <-- WebCatechese /pubwww/images/_notes btn_schattenjacht_f2.gif.mno
2009.07.09 21:13 B C:\Documents and Settings\Bruno\Mijn documenten\helppetra\Catechese\Website\Vocawo\images\_notes\btn_vieringen.gif.mno <-- WebCatechese /pubwww/images/_notes btn_vieringen.gif.mno
2009.07.09 21:13 B C:\Documents and Settings\Bruno\Mijn documenten\helppetra\Catechese\Website\Vocawo\images\_notes\btn_vieringen_f2.gif.mno <-- WebCatechese /pubwww/images/_notes btn_vieringen_f2.gif.mno
2009.07.09 21:13 B C:\Documents and Settings\Bruno\Mijn documenten\helppetra\Catechese\Website\Vocawo\images\_notes\btn_visie.gif.mno <-- WebCatechese /pubwww/images/_notes btn_visie.gif.mno
2009.07.09 21:13 B C:\Documents and Settings\Bruno\Mijn documenten\helppetra\Catechese\Website\Vocawo\images\_notes\btn_visie_f2.gif.mno <-- WebCatechese /pubwww/images/_notes btn_visie_f2.gif.mno
2009.07.09 21:13 B C:\Documents and Settings\Bruno\Mijn documenten\helppetra\Catechese\Website\Vocawo\images\_notes\btn_vormelingen.gif.mno <-- WebCatechese /pubwww/images/_notes btn_vormelingen.gif.mno
2009.07.09 21:13 B C:\Documents and Settings\Bruno\Mijn documenten\helppetra\Catechese\Website\Vocawo\images\_notes\btn_vormelingen_f2.gif.mno <-- WebCatechese /pubwww/images/_notes btn_vormelingen_f2.gif.mno
2009.07.09 21:13 B C:\Documents and Settings\Bruno\Mijn documenten\helppetra\Catechese\Website\Vocawo\images\_notes\btn_vormselkaartjes.gif.mno <-- WebCatechese /pubwww/images/_notes btn_vormselkaartjes.gif.mno
2009.07.09 21:13 B C:\Documents and Settings\Bruno\Mijn documenten\helppetra\Catechese\Website\Vocawo\images\_notes\btn_vormselkaartjes_f2.gif.mno <-- WebCatechese /pubwww/images/_notes btn_vormselkaartjes_f2.gif.mno
2009.07.09 21:13 B C:\Documents and Settings\Bruno\Mijn documenten\helppetra\Catechese\Website\Vocawo\images\_notes\btn_werking.gif.mno <-- WebCatechese /pubwww/images/_notes btn_werking.gif.mno
2009.07.09 21:13 B C:\Documents and Settings\Bruno\Mijn documenten\helppetra\Catechese\Website\Vocawo\images\_notes\btn_werking_f2.gif.mno <-- WebCatechese /pubwww/images/_notes btn_werking_f2.gif.mno
2009.07.09 21:13 B C:\Documents and Settings\Bruno\Mijn documenten\helppetra\Catechese\Website\Vocawo\images\_notes\logo.gif.mno <-- WebCatechese /pubwww/images/_notes logo.gif.mno
2009.07.09 21:13 B C:\Documents and Settings\Bruno\Mijn documenten\helppetra\Catechese\Website\Vocawo\images\_notes\logo_f2.gif.mno <-- WebCatechese /pubwww/images/_notes logo_f2.gif.mno
2009.07.09 21:13 B C:\Documents and Settings\Bruno\Mijn documenten\helppetra\Catechese\Website\Vocawo\images\_notes\men_btn_geloofsdoos.gif.mno <-- WebCatechese /pubwww/images/_notes men_btn_geloofsdoos.gif.mno
2009.07.09 21:13 B C:\Documents and Settings\Bruno\Mijn documenten\helppetra\Catechese\Website\Vocawo\images\_notes\men_btn_geloofsdoos_f2.gif.mno <-- WebCatechese /pubwww/images/_notes men_btn_geloofsdoos_f2.gif.mno
2009.07.09 21:13 B C:\Documents and Settings\Bruno\Mijn documenten\helppetra\Catechese\Website\Vocawo\images\_notes\menu_btn_bavodag.gif.mno <-- WebCatechese /pubwww/images/_notes menu_btn_bavodag.gif.mno
2009.07.09 21:13 B C:\Documents and Settings\Bruno\Mijn documenten\helppetra\Catechese\Website\Vocawo\images\_notes\menu_btn_bavodag_f2.gif.mno <-- WebCatechese /pubwww/images/_notes menu_btn_bavodag_f2.gif.mno
2009.07.09 21:13 B C:\Documents and Settings\Bruno\Mijn documenten\helppetra\Catechese\Website\Vocawo\images\_notes\menu_btn_bezinning.gif.mno <-- WebCatechese /pubwww/images/_notes menu_btn_bezinning.gif.mno
2009.07.09 21:13 B C:\Documents and Settings\Bruno\Mijn documenten\helppetra\Catechese\Website\Vocawo\images\_notes\menu_btn_bezinning_f2.gif.mno <-- WebCatechese /pubwww/images/_notes menu_btn_bezinning_f2.gif.mno
2009.07.09 21:13 B C:\Documents and Settings\Bruno\Mijn documenten\helppetra\Catechese\Website\Vocawo\images\_notes\menu_btn_bijeenkomsten.gif.mno <-- WebCatechese /pubwww/images/_notes menu_btn_bijeenkomsten.gif.mno
2009.07.09 21:13 B C:\Documents and Settings\Bruno\Mijn documenten\helppetra\Catechese\Website\Vocawo\images\_notes\menu_btn_bijeenkomsten_f2.gif.mno <-- WebCatechese /pubwww/images/_notes menu_btn_bijeenkomsten_f2.gif.mno
2009.07.09 21:13 B C:\Documents and Settings\Bruno\Mijn documenten\helppetra\Catechese\Website\Vocawo\images\_notes\menu_btn_catechisten.gif.mno <-- WebCatechese /pubwww/images/_notes menu_btn_catechisten.gif.mno
2009.07.09 21:13 B C:\Documents and Settings\Bruno\Mijn documenten\helppetra\Catechese\Website\Vocawo\images\_notes\menu_btn_catechisten_f2.gif.mno <-- WebCatechese /pubwww/images/_notes menu_btn_catechisten_f2.gif.mno
2009.07.09 21:13 B C:\Documents and Settings\Bruno\Mijn documenten\helppetra\Catechese\Website\Vocawo\images\_notes\menu_btn_contact.gif.mno <-- WebCatechese /pubwww/images/_notes menu_btn_contact.gif.mno
2009.07.09 21:13 B C:\Documents and Settings\Bruno\Mijn documenten\helppetra\Catechese\Website\Vocawo\images\_notes\menu_btn_contact_f2.gif.mno <-- WebCatechese /pubwww/images/_notes menu_btn_contact_f2.gif.mno
2009.07.09 21:13 B C:\Documents and Settings\Bruno\Mijn documenten\helppetra\Catechese\Website\Vocawo\images\_notes\menu_btn_engagement.gif.mno <-- WebCatechese /pubwww/images/_notes menu_btn_engagement.gif.mno
2009.07.09 21:13 B C:\Documents and Settings\Bruno\Mijn documenten\helppetra\Catechese\Website\Vocawo\images\_notes\menu_btn_engagement_f2.gif.mno <-- WebCatechese /pubwww/images/_notes menu_btn_engagement_f2.gif.mno
2009.07.09 21:13 B C:\Documents and Settings\Bruno\Mijn documenten\helppetra\Catechese\Website\Vocawo\images\_notes\menu_btn_kalender.gif.mno <-- WebCatechese /pubwww/images/_notes menu_btn_kalender.gif.mno
2009.07.09 21:13 B C:\Documents and Settings\Bruno\Mijn documenten\helppetra\Catechese\Website\Vocawo\images\_notes\menu_btn_kalender_f2.gif.mno <-- WebCatechese /pubwww/images/_notes menu_btn_kalender_f2.gif.mno
2009.07.09 21:13 B C:\Documents and Settings\Bruno\Mijn documenten\helppetra\Catechese\Website\Vocawo\images\_notes\menu_btn_liedjes.gif.mno <-- WebCatechese /pubwww/images/_notes menu_btn_liedjes.gif.mno
2009.07.09 21:13 B C:\Documents and Settings\Bruno\Mijn documenten\helppetra\Catechese\Website\Vocawo\images\_notes\menu_btn_liedjes_f2.gif.mno <-- WebCatechese /pubwww/images/_notes menu_btn_liedjes_f2.gif.mno
2009.07.09 21:13 B C:\Documents and Settings\Bruno\Mijn documenten\helppetra\Catechese\Website\Vocawo\images\_notes\menu_btn_links.gif.mno <-- WebCatechese /pubwww/images/_notes menu_btn_links.gif.mno
2009.07.09 21:13 B C:\Documents and Settings\Bruno\Mijn documenten\helppetra\Catechese\Website\Vocawo\images\_notes\menu_btn_links_f2.gif.mno <-- WebCatechese /pubwww/images/_notes menu_btn_links_f2.gif.mno
2009.07.09 21:13 B C:\Documents and Settings\Bruno\Mijn documenten\helppetra\Catechese\Website\Vocawo\images\_notes\menu_btn_logo.gif.mno <-- WebCatechese /pubwww/images/_notes menu_btn_logo.gif.mno
2009.07.09 21:13 B C:\Documents and Settings\Bruno\Mijn documenten\helppetra\Catechese\Website\Vocawo\images\_notes\menu_btn_logo_f2.gif.mno <-- WebCatechese /pubwww/images/_notes menu_btn_logo_f2.gif.mno
2009.07.09 21:13 B C:\Documents and Settings\Bruno\Mijn documenten\helppetra\Catechese\Website\Vocawo\images\_notes\menu_btn_meter.gif.mno <-- WebCatechese /pubwww/images/_notes menu_btn_meter.gif.mno
2009.07.09 21:13 B C:\Documents and Settings\Bruno\Mijn documenten\helppetra\Catechese\Website\Vocawo\images\_notes\menu_btn_meter_f2.gif.mno <-- WebCatechese /pubwww/images/_notes menu_btn_meter_f2.gif.mno
2009.07.09 21:13 B C:\Documents and Settings\Bruno\Mijn documenten\helppetra\Catechese\Website\Vocawo\images\_notes\menu_btn_ouders.gif.mno <-- WebCatechese /pubwww/images/_notes menu_btn_ouders.gif.mno
2009.07.09 21:13 B C:\Documents and Settings\Bruno\Mijn documenten\helppetra\Catechese\Website\Vocawo\images\_notes\menu_btn_ouders_f2.gif.mno <-- WebCatechese /pubwww/images/_notes menu_btn_ouders_f2.gif.mno
2009.07.09 21:13 B C:\Documents and Settings\Bruno\Mijn documenten\helppetra\Catechese\Website\Vocawo\images\_notes\menu_btn_schattenjacht.gif.mno <-- WebCatechese /pubwww/images/_notes menu_btn_schattenjacht.gif.mno
2009.07.09 21:13 B C:\Documents and Settings\Bruno\Mijn documenten\helppetra\Catechese\Website\Vocawo\images\_notes\menu_btn_schattenjacht_f2.gif.mno <-- WebCatechese /pubwww/images/_notes menu_btn_schattenjacht_f2.gif.mno
2009.07.09 21:13 B C:\Documents and Settings\Bruno\Mijn documenten\helppetra\Catechese\Website\Vocawo\images\_notes\menu_btn_vieringen.gif.mno <-- WebCatechese /pubwww/images/_notes menu_btn_vieringen.gif.mno
2009.07.09 21:13 B C:\Documents and Settings\Bruno\Mijn documenten\helppetra\Catechese\Website\Vocawo\images\_notes\menu_btn_vieringen_f2.gif.mno <-- WebCatechese /pubwww/images/_notes menu_btn_vieringen_f2.gif.mno
2009.07.09 21:13 B C:\Documents and Settings\Bruno\Mijn documenten\helppetra\Catechese\Website\Vocawo\images\_notes\menu_btn_visie.gif.mno <-- WebCatechese /pubwww/images/_notes menu_btn_visie.gif.mno
2009.07.09 21:13 B C:\Documents and Settings\Bruno\Mijn documenten\helppetra\Catechese\Website\Vocawo\images\_notes\menu_btn_visie_f2.gif.mno <-- WebCatechese /pubwww/images/_notes menu_btn_visie_f2.gif.mno
2009.07.09 21:13 B C:\Documents and Settings\Bruno\Mijn documenten\helppetra\Catechese\Website\Vocawo\images\_notes\menu_btn_vormelingen.gif.mno <-- WebCatechese /pubwww/images/_notes menu_btn_vormelingen.gif.mno
2009.07.09 21:13 B C:\Documents and Settings\Bruno\Mijn documenten\helppetra\Catechese\Website\Vocawo\images\_notes\menu_btn_vormelingen_f2.gif.mno <-- WebCatechese /pubwww/images/_notes menu_btn_vormelingen_f2.gif.mno
2009.07.09 21:13 B C:\Documents and Settings\Bruno\Mijn documenten\helppetra\Catechese\Website\Vocawo\images\_notes\menu_btn_vormselkaartjes.gif.mno <-- WebCatechese /pubwww/images/_notes menu_btn_vormselkaartjes.gif.mno
2009.07.09 21:13 B C:\Documents and Settings\Bruno\Mijn documenten\helppetra\Catechese\Website\Vocawo\images\_notes\menu_btn_vormselkaartjes_f2.gif.mno <-- WebCatechese /pubwww/images/_notes menu_btn_vormselkaartjes_f2.gif.mno
2009.07.09 21:13 B C:\Documents and Settings\Bruno\Mijn documenten\helppetra\Catechese\Website\Vocawo\images\_notes\menu_btn_werking.gif.mno <-- WebCatechese /pubwww/images/_notes menu_btn_werking.gif.mno
2009.07.09 21:13 B C:\Documents and Settings\Bruno\Mijn documenten\helppetra\Catechese\Website\Vocawo\images\_notes\menu_btn_werking_f2.gif.mno <-- WebCatechese /pubwww/images/_notes menu_btn_werking_f2.gif.mno
2009.07.09 21:13 B C:\Documents and Settings\Bruno\Mijn documenten\helppetra\Catechese\Website\Vocawo\images\_notes\menu_links_boven.gif.mno <-- WebCatechese /pubwww/images/_notes menu_links_boven.gif.mno
2009.07.09 21:13 B C:\Documents and Settings\Bruno\Mijn documenten\helppetra\Catechese\Website\Vocawo\images\_notes\menu_links_boven_f2.gif.mno <-- WebCatechese /pubwww/images/_notes menu_links_boven_f2.gif.mno
2009.07.09 21:13 B C:\Documents and Settings\Bruno\Mijn documenten\helppetra\Catechese\Website\Vocawo\images\_notes\menu_links_onder.gif.mno <-- WebCatechese /pubwww/images/_notes menu_links_onder.gif.mno
2009.07.09 21:13 B C:\Documents and Settings\Bruno\Mijn documenten\helppetra\Catechese\Website\Vocawo\images\_notes\menu_links_onder_f2.gif.mno <-- WebCatechese /pubwww/images/_notes menu_links_onder_f2.gif.mno
2009.07.09 21:13 B C:\Documents and Settings\Bruno\Mijn documenten\helppetra\Catechese\Website\Vocawo\images\_notes\menu_logo.gif.mno <-- WebCatechese /pubwww/images/_notes menu_logo.gif.mno
2009.07.09 21:13 B C:\Documents and Settings\Bruno\Mijn documenten\helppetra\Catechese\Website\Vocawo\images\_notes\menu_logo_f2.gif.mno <-- WebCatechese /pubwww/images/_notes menu_logo_f2.gif.mno
2009.07.09 21:13 B C:\Documents and Settings\Bruno\Mijn documenten\helppetra\Catechese\Website\Vocawo\images\_notes\menu_rechts_boven.gif.mno <-- WebCatechese /pubwww/images/_notes menu_rechts_boven.gif.mno
2009.07.09 21:13 B C:\Documents and Settings\Bruno\Mijn documenten\helppetra\Catechese\Website\Vocawo\images\_notes\menu_rechts_boven_f2.gif.mno <-- WebCatechese /pubwww/images/_notes menu_rechts_boven_f2.gif.mno
2009.07.09 21:13 B C:\Documents and Settings\Bruno\Mijn documenten\helppetra\Catechese\Website\Vocawo\images\_notes\test.gif.mno <-- WebCatechese /pubwww/images/_notes test.gif.mno
2009.07.09 21:13 B C:\Documents and Settings\Bruno\Mijn documenten\helppetra\Catechese\Website\Vocawo\images\_notes\test_f2.gif.mno <-- WebCatechese /pubwww/images/_notes test_f2.gif.mno
2018.03.21 19:15 B D:\helppetra\Catechese\Website\Vocawo\images\_notes\123_r1_c3.jpg.mno --> users.telenet.be /vocawo/images/_notes 123_r1_c3.jpg.mno
2018.03.21 19:15 B D:\helppetra\Catechese\Website\Vocawo\images\_notes\123_r1_c3_f2.jpg.mno --> users.telenet.be /vocawo/images/_notes 123_r1_c3_f2.jpg.mno
2018.03.21 19:15 B D:\helppetra\Catechese\Website\Vocawo\images\_notes\btn_bavodag.gif.mno --> users.telenet.be /vocawo/images/_notes btn_bavodag.gif.mno
2018.03.21 19:15 B D:\helppetra\Catechese\Website\Vocawo\images\_notes\btn_bavodag_f2.gif.mno --> users.telenet.be /vocawo/images/_notes btn_bavodag_f2.gif.mno
2018.03.21 19:15 B D:\helppetra\Catechese\Website\Vocawo\images\_notes\btn_bezinning.gif.mno --> users.telenet.be /vocawo/images/_notes btn_bezinning.gif.mno
2018.03.21 19:15 B D:\helppetra\Catechese\Website\Vocawo\images\_notes\btn_bezinning_f2.gif.mno --> users.telenet.be /vocawo/images/_notes btn_bezinning_f2.gif.mno
2018.03.21 19:15 B D:\helppetra\Catechese\Website\Vocawo\images\_notes\btn_bijeenkomsten.gif.mno --> users.telenet.be /vocawo/images/_notes btn_bijeenkomsten.gif.mno
2018.03.21 19:15 B D:\helppetra\Catechese\Website\Vocawo\images\_notes\btn_bijeenkomsten_f2.gif.mno --> users.telenet.be /vocawo/images/_notes btn_bijeenkomsten_f2.gif.mno
2018.03.21 19:15 B D:\helppetra\Catechese\Website\Vocawo\images\_notes\btn_catechisten.gif.mno --> users.telenet.be /vocawo/images/_notes btn_catechisten.gif.mno
2018.03.21 19:15 B D:\helppetra\Catechese\Website\Vocawo\images\_notes\btn_catechisten_f2.gif.mno --> users.telenet.be /vocawo/images/_notes btn_catechisten_f2.gif.mno
2018.03.21 19:15 B D:\helppetra\Catechese\Website\Vocawo\images\_notes\btn_contact.gif.mno --> users.telenet.be /vocawo/images/_notes btn_contact.gif.mno
2018.03.21 19:15 B D:\helppetra\Catechese\Website\Vocawo\images\_notes\btn_contact_f2.gif.mno --> users.telenet.be /vocawo/images/_notes btn_contact_f2.gif.mno
2018.03.21 19:15 B D:\helppetra\Catechese\Website\Vocawo\images\_notes\btn_engagement.gif.mno --> users.telenet.be /vocawo/images/_notes btn_engagement.gif.mno
2018.03.21 19:15 B D:\helppetra\Catechese\Website\Vocawo\images\_notes\btn_engagement_f2.gif.mno --> users.telenet.be /vocawo/images/_notes btn_engagement_f2.gif.mno
2018.03.21 19:15 B D:\helppetra\Catechese\Website\Vocawo\images\_notes\btn_geloofsdoos.gif.mno --> users.telenet.be /vocawo/images/_notes btn_geloofsdoos.gif.mno
2018.03.21 19:15 B D:\helppetra\Catechese\Website\Vocawo\images\_notes\btn_geloofsdoos_f2.gif.mno --> users.telenet.be /vocawo/images/_notes btn_geloofsdoos_f2.gif.mno
2018.03.21 19:15 B D:\helppetra\Catechese\Website\Vocawo\images\_notes\btn_kalender.gif.mno --> users.telenet.be /vocawo/images/_notes btn_kalender.gif.mno
2018.03.21 19:15 B D:\helppetra\Catechese\Website\Vocawo\images\_notes\btn_kalender_f2.gif.mno --> users.telenet.be /vocawo/images/_notes btn_kalender_f2.gif.mno
2018.03.21 19:15 B D:\helppetra\Catechese\Website\Vocawo\images\_notes\btn_liedjes.gif.mno --> users.telenet.be /vocawo/images/_notes btn_liedjes.gif.mno
2018.03.21 19:15 B D:\helppetra\Catechese\Website\Vocawo\images\_notes\btn_liedjes_f2.gif.mno --> users.telenet.be /vocawo/images/_notes btn_liedjes_f2.gif.mno
2018.03.21 19:15 B D:\helppetra\Catechese\Website\Vocawo\images\_notes\btn_links.gif.mno --> users.telenet.be /vocawo/images/_notes btn_links.gif.mno
2018.03.21 19:15 B D:\helppetra\Catechese\Website\Vocawo\images\_notes\btn_links_f2.gif.mno --> users.telenet.be /vocawo/images/_notes btn_links_f2.gif.mno
2018.03.21 19:15 B D:\helppetra\Catechese\Website\Vocawo\images\_notes\btn_logo.gif.mno --> users.telenet.be /vocawo/images/_notes btn_logo.gif.mno
2018.03.21 19:15 B D:\helppetra\Catechese\Website\Vocawo\images\_notes\btn_logo_f2.gif.mno --> users.telenet.be /vocawo/images/_notes btn_logo_f2.gif.mno
2018.03.21 19:15 B D:\helppetra\Catechese\Website\Vocawo\images\_notes\btn_meter.gif.mno --> users.telenet.be /vocawo/images/_notes btn_meter.gif.mno
2018.03.21 19:15 B D:\helppetra\Catechese\Website\Vocawo\images\_notes\btn_meter_f2.gif.mno --> users.telenet.be /vocawo/images/_notes btn_meter_f2.gif.mno
2018.03.21 19:15 B D:\helppetra\Catechese\Website\Vocawo\images\_notes\btn_ouders.gif.mno --> users.telenet.be /vocawo/images/_notes btn_ouders.gif.mno
2018.03.21 19:15 B D:\helppetra\Catechese\Website\Vocawo\images\_notes\btn_ouders_f2.gif.mno --> users.telenet.be /vocawo/images/_notes btn_ouders_f2.gif.mno
2018.03.21 19:15 B D:\helppetra\Catechese\Website\Vocawo\images\_notes\btn_schattenjacht.gif.mno --> users.telenet.be /vocawo/images/_notes btn_schattenjacht.gif.mno
2018.03.21 19:15 B D:\helppetra\Catechese\Website\Vocawo\images\_notes\btn_schattenjacht_f2.gif.mno --> users.telenet.be /vocawo/images/_notes btn_schattenjacht_f2.gif.mno
2018.03.21 19:15 B D:\helppetra\Catechese\Website\Vocawo\images\_notes\btn_vieringen.gif.mno --> users.telenet.be /vocawo/images/_notes btn_vieringen.gif.mno
2018.03.21 19:15 B D:\helppetra\Catechese\Website\Vocawo\images\_notes\btn_vieringen_f2.gif.mno --> users.telenet.be /vocawo/images/_notes btn_vieringen_f2.gif.mno
2018.03.21 19:15 B D:\helppetra\Catechese\Website\Vocawo\images\_notes\btn_visie.gif.mno --> users.telenet.be /vocawo/images/_notes btn_visie.gif.mno
2018.03.21 19:15 B D:\helppetra\Catechese\Website\Vocawo\images\_notes\btn_visie_f2.gif.mno --> users.telenet.be /vocawo/images/_notes btn_visie_f2.gif.mno
2018.03.21 19:15 B D:\helppetra\Catechese\Website\Vocawo\images\_notes\btn_vormelingen.gif.mno --> users.telenet.be /vocawo/images/_notes btn_vormelingen.gif.mno
2018.03.21 19:15 B D:\helppetra\Catechese\Website\Vocawo\images\_notes\btn_vormelingen_f2.gif.mno --> users.telenet.be /vocawo/images/_notes btn_vormelingen_f2.gif.mno
2018.03.21 19:15 B D:\helppetra\Catechese\Website\Vocawo\images\_notes\btn_vormselkaartjes.gif.mno --> users.telenet.be /vocawo/images/_notes btn_vormselkaartjes.gif.mno
2018.03.21 19:15 B D:\helppetra\Catechese\Website\Vocawo\images\_notes\btn_vormselkaartjes_f2.gif.mno --> users.telenet.be /vocawo/images/_notes btn_vormselkaartjes_f2.gif.mno
2018.03.21 19:15 B D:\helppetra\Catechese\Website\Vocawo\images\_notes\btn_werking.gif.mno --> users.telenet.be /vocawo/images/_notes btn_werking.gif.mno
2018.03.21 19:15 B D:\helppetra\Catechese\Website\Vocawo\images\_notes\btn_werking_f2.gif.mno --> users.telenet.be /vocawo/images/_notes btn_werking_f2.gif.mno
2018.03.21 19:15 B D:\helppetra\Catechese\Website\Vocawo\images\_notes\logo.gif.mno --> users.telenet.be /vocawo/images/_notes logo.gif.mno
2018.03.21 19:15 B D:\helppetra\Catechese\Website\Vocawo\images\_notes\logo_f2.gif.mno --> users.telenet.be /vocawo/images/_notes logo_f2.gif.mno
2018.03.21 19:15 B D:\helppetra\Catechese\Website\Vocawo\images\_notes\men_btn_geloofsdoos.gif.mno --> users.telenet.be /vocawo/images/_notes men_btn_geloofsdoos.gif.mno
2018.03.21 19:15 B D:\helppetra\Catechese\Website\Vocawo\images\_notes\men_btn_geloofsdoos_f2.gif.mno --> users.telenet.be /vocawo/images/_notes men_btn_geloofsdoos_f2.gif.mno
2018.03.21 19:15 B D:\helppetra\Catechese\Website\Vocawo\images\_notes\menu_btn_bavodag.gif.mno --> users.telenet.be /vocawo/images/_notes menu_btn_bavodag.gif.mno
2018.03.21 19:15 B D:\helppetra\Catechese\Website\Vocawo\images\_notes\menu_btn_bavodag_f2.gif.mno --> users.telenet.be /vocawo/images/_notes menu_btn_bavodag_f2.gif.mno
2018.03.21 19:15 B D:\helppetra\Catechese\Website\Vocawo\images\_notes\menu_btn_bezinning.gif.mno --> users.telenet.be /vocawo/images/_notes menu_btn_bezinning.gif.mno
2018.03.21 19:15 B D:\helppetra\Catechese\Website\Vocawo\images\_notes\menu_btn_bezinning_f2.gif.mno --> users.telenet.be /vocawo/images/_notes menu_btn_bezinning_f2.gif.mno
2018.03.21 19:15 B D:\helppetra\Catechese\Website\Vocawo\images\_notes\menu_btn_bijeenkomsten.gif.mno --> users.telenet.be /vocawo/images/_notes menu_btn_bijeenkomsten.gif.mno
2018.03.21 19:15 B D:\helppetra\Catechese\Website\Vocawo\images\_notes\menu_btn_bijeenkomsten_f2.gif.mno --> users.telenet.be /vocawo/images/_notes menu_btn_bijeenkomsten_f2.gif.mno
2018.03.21 19:15 B D:\helppetra\Catechese\Website\Vocawo\images\_notes\menu_btn_catechisten.gif.mno --> users.telenet.be /vocawo/images/_notes menu_btn_catechisten.gif.mno
2018.03.21 19:15 B D:\helppetra\Catechese\Website\Vocawo\images\_notes\menu_btn_catechisten_f2.gif.mno --> users.telenet.be /vocawo/images/_notes menu_btn_catechisten_f2.gif.mno
2018.03.21 19:15 B D:\helppetra\Catechese\Website\Vocawo\images\_notes\menu_btn_contact.gif.mno --> users.telenet.be /vocawo/images/_notes menu_btn_contact.gif.mno
2018.03.21 19:15 B D:\helppetra\Catechese\Website\Vocawo\images\_notes\menu_btn_contact_f2.gif.mno --> users.telenet.be /vocawo/images/_notes menu_btn_contact_f2.gif.mno
2018.03.21 19:15 B D:\helppetra\Catechese\Website\Vocawo\images\_notes\menu_btn_engagement.gif.mno --> users.telenet.be /vocawo/images/_notes menu_btn_engagement.gif.mno
2018.03.21 19:15 B D:\helppetra\Catechese\Website\Vocawo\images\_notes\menu_btn_engagement_f2.gif.mno --> users.telenet.be /vocawo/images/_notes menu_btn_engagement_f2.gif.mno
2018.03.21 19:15 B D:\helppetra\Catechese\Website\Vocawo\images\_notes\menu_btn_kalender.gif.mno --> users.telenet.be /vocawo/images/_notes menu_btn_kalender.gif.mno
2018.03.21 19:15 B D:\helppetra\Catechese\Website\Vocawo\images\_notes\menu_btn_kalender_f2.gif.mno --> users.telenet.be /vocawo/images/_notes menu_btn_kalender_f2.gif.mno
2018.03.21 19:15 B D:\helppetra\Catechese\Website\Vocawo\images\_notes\menu_btn_liedjes.gif.mno --> users.telenet.be /vocawo/images/_notes menu_btn_liedjes.gif.mno
2018.03.21 19:15 B D:\helppetra\Catechese\Website\Vocawo\images\_notes\menu_btn_liedjes_f2.gif.mno --> users.telenet.be /vocawo/images/_notes menu_btn_liedjes_f2.gif.mno
2018.03.21 19:15 B D:\helppetra\Catechese\Website\Vocawo\images\_notes\menu_btn_links.gif.mno --> users.telenet.be /vocawo/images/_notes menu_btn_links.gif.mno
2018.03.21 19:15 B D:\helppetra\Catechese\Website\Vocawo\images\_notes\menu_btn_links_f2.gif.mno --> users.telenet.be /vocawo/images/_notes menu_btn_links_f2.gif.mno
2018.03.21 19:15 B D:\helppetra\Catechese\Website\Vocawo\images\_notes\menu_btn_logo.gif.mno --> users.telenet.be /vocawo/images/_notes menu_btn_logo.gif.mno
2018.03.21 19:15 B D:\helppetra\Catechese\Website\Vocawo\images\_notes\menu_btn_logo_f2.gif.mno --> users.telenet.be /vocawo/images/_notes menu_btn_logo_f2.gif.mno
2018.03.21 19:15 B D:\helppetra\Catechese\Website\Vocawo\images\_notes\menu_btn_meter.gif.mno --> users.telenet.be /vocawo/images/_notes menu_btn_meter.gif.mno
2018.03.21 19:15 B D:\helppetra\Catechese\Website\Vocawo\images\_notes\menu_btn_meter_f2.gif.mno --> users.telenet.be /vocawo/images/_notes menu_btn_meter_f2.gif.mno
2018.03.21 19:15 B D:\helppetra\Catechese\Website\Vocawo\images\_notes\menu_btn_ouders.gif.mno --> users.telenet.be /vocawo/images/_notes menu_btn_ouders.gif.mno
2018.03.21 19:15 B D:\helppetra\Catechese\Website\Vocawo\images\_notes\menu_btn_ouders_f2.gif.mno --> users.telenet.be /vocawo/images/_notes menu_btn_ouders_f2.gif.mno
2018.03.21 19:15 B D:\helppetra\Catechese\Website\Vocawo\images\_notes\menu_btn_schattenjacht.gif.mno --> users.telenet.be /vocawo/images/_notes menu_btn_schattenjacht.gif.mno
2018.03.21 19:15 B D:\helppetra\Catechese\Website\Vocawo\images\_notes\menu_btn_schattenjacht_f2.gif.mno --> users.telenet.be /vocawo/images/_notes menu_btn_schattenjacht_f2.gif.mno
2018.03.21 19:15 B D:\helppetra\Catechese\Website\Vocawo\images\_notes\menu_btn_vieringen.gif.mno --> users.telenet.be /vocawo/images/_notes menu_btn_vieringen.gif.mno
2018.03.21 19:15 B D:\helppetra\Catechese\Website\Vocawo\images\_notes\menu_btn_vieringen_f2.gif.mno --> users.telenet.be /vocawo/images/_notes menu_btn_vieringen_f2.gif.mno
2018.03.21 19:15 B D:\helppetra\Catechese\Website\Vocawo\images\_notes\menu_btn_visie.gif.mno --> users.telenet.be /vocawo/images/_notes menu_btn_visie.gif.mno
2018.03.21 19:15 B D:\helppetra\Catechese\Website\Vocawo\images\_notes\menu_btn_visie_f2.gif.mno --> users.telenet.be /vocawo/images/_notes menu_btn_visie_f2.gif.mno
2018.03.21 19:15 B D:\helppetra\Catechese\Website\Vocawo\images\_notes\menu_btn_vormelingen.gif.mno --> users.telenet.be /vocawo/images/_notes menu_btn_vormelingen.gif.mno
2018.03.21 19:15 B D:\helppetra\Catechese\Website\Vocawo\images\_notes\menu_btn_vormelingen_f2.gif.mno --> users.telenet.be /vocawo/images/_notes menu_btn_vormelingen_f2.gif.mno
2018.03.21 19:15 B D:\helppetra\Catechese\Website\Vocawo\images\_notes\menu_btn_vormselkaartjes.gif.mno --> users.telenet.be /vocawo/images/_notes menu_btn_vormselkaartjes.gif.mno
2018.03.21 19:15 B D:\helppetra\Catechese\Website\Vocawo\images\_notes\menu_btn_vormselkaartjes_f2.gif.mno --> users.telenet.be /vocawo/images/_notes menu_btn_vormselkaartjes_f2.gif.mno
2018.03.21 19:15 B D:\helppetra\Catechese\Website\Vocawo\images\_notes\menu_btn_werking.gif.mno --> users.telenet.be /vocawo/images/_notes menu_btn_werking.gif.mno
2018.03.21 19:15 B D:\helppetra\Catechese\Website\Vocawo\images\_notes\menu_btn_werking_f2.gif.mno --> users.telenet.be /vocawo/images/_notes menu_btn_werking_f2.gif.mno
2018.03.21 19:15 B D:\helppetra\Catechese\Website\Vocawo\images\_notes\menu_links_boven.gif.mno --> users.telenet.be /vocawo/images/_notes menu_links_boven.gif.mno
2018.03.21 19:15 B D:\helppetra\Catechese\Website\Vocawo\images\_notes\menu_links_boven_f2.gif.mno --> users.telenet.be /vocawo/images/_notes menu_links_boven_f2.gif.mno
2018.03.21 19:15 B D:\helppetra\Catechese\Website\Vocawo\images\_notes\menu_links_onder.gif.mno --> users.telenet.be /vocawo/images/_notes menu_links_onder.gif.mno
2018.03.21 19:15 B D:\helppetra\Catechese\Website\Vocawo\images\_notes\menu_links_onder_f2.gif.mno --> users.telenet.be /vocawo/images/_notes menu_links_onder_f2.gif.mno
2018.03.21 19:15 B D:\helppetra\Catechese\Website\Vocawo\images\_notes\menu_logo.gif.mno --> users.telenet.be /vocawo/images/_notes menu_logo.gif.mno
2018.03.21 19:15 B D:\helppetra\Catechese\Website\Vocawo\images\_notes\menu_logo_f2.gif.mno --> users.telenet.be /vocawo/images/_notes menu_logo_f2.gif.mno
2018.03.21 19:15 B D:\helppetra\Catechese\Website\Vocawo\images\_notes\menu_rechts_boven.gif.mno --> users.telenet.be /vocawo/images/_notes menu_rechts_boven.gif.mno
2018.03.21 19:15 B D:\helppetra\Catechese\Website\Vocawo\images\_notes\menu_rechts_boven_f2.gif.mno --> users.telenet.be /vocawo/images/_notes menu_rechts_boven_f2.gif.mno
2018.03.21 19:15 B D:\helppetra\Catechese\Website\Vocawo\images\_notes\test.gif.mno --> users.telenet.be /vocawo/images/_notes test.gif.mno
2018.03.21 19:15 B D:\helppetra\Catechese\Website\Vocawo\images\_notes\test_f2.gif.mno --> users.telenet.be /vocawo/images/_notes test_f2.gif.mno
2018.03.21 19:15 B D:\helppetra\Catechese\Website\Vocawo\images\_notes\WS_FTP.LOG --> users.telenet.be /vocawo/images/_notes WS_FTP.LOG
